  Gtest.cpp
Gtest.obj : error LNK2019: ссылка на неразрешенный внешний символ "bool __cdecl testing::internal::IsTrue(bool)" (?IsTrue@internal@testing@@YA_N_N@Z) в функции "public: static void (__cdecl*__cdecl testing::internal::SuiteApiResolver<class testing::Test>::GetSetUpCaseOrSuite(char const *,int))(void)" (?GetSetUpCaseOrSuite@?$SuiteApiResolver@VTest@testing@@@internal@testing@@SAP6AXXZPBDH@Z).
Gtest.obj : error LNK2019: ссылка на неразрешенный внешний символ "public: __thiscall testing::internal::GTestLog::GTestLog(enum testing::internal::GTestLogSeverity,char const *,int)" (??0GTestLog@internal@testing@@QAE@W4GTestLogSeverity@12@PBDH@Z) в функции "public: static void (__cdecl*__cdecl testing::internal::SuiteApiResolver<class testing::Test>::GetSetUpCaseOrSuite(char const *,int))(void)" (?GetSetUpCaseOrSuite@?$SuiteApiResolver@VTest@testing@@@internal@testing@@SAP6AXXZPBDH@Z).
Gtest.obj : error LNK2019: ссылка на неразрешенный внешний символ "public: __thiscall testing::internal::GTestLog::~GTestLog(void)" (??1GTestLog@internal@testing@@QAE@XZ) в функции "public: static void (__cdecl*__cdecl testing::internal::SuiteApiResolver<class testing::Test>::GetSetUpCaseOrSuite(char const *,int))(void)" (?GetSetUpCaseOrSuite@?$SuiteApiResolver@VTest@testing@@@internal@testing@@SAP6AXXZPBDH@Z).
Gtest.obj : error LNK2019: ссылка на неразрешенный внешний символ "public: __thiscall testing::Message::Message(void)" (??0Message@testing@@QAE@XZ) в функции "private: virtual void __thiscall firstTest_check_Test::TestBody(void)" (?TestBody@firstTest_check_Test@@EAEXXZ).
Gtest.obj : error LNK2019: ссылка на неразрешенный внешний символ "class testing::AssertionResult __cdecl testing::internal::EqFailure(char const *,char const *,class std::basic_string<char,struct std::char_traits<char>,class std::allocator<char> > const &,class std::basic_string<char,struct std::char_traits<char>,class std::allocator<char> > const &,bool)" (?EqFailure@internal@testing@@YA?AVAssertionResult@2@PBD0ABV?$basic_string@DU?$char_traits@D@std@@V?$allocator@D@2@@std@@1_N@Z) в функции "class testing::AssertionResult __cdecl testing::internal::CmpHelperEQFailure<int,int>(char const *,char const *,int const &,int const &)" (??$CmpHelperEQFailure@HH@internal@testing@@YA?AVAssertionResult@1@PBD0ABH1@Z).
Gtest.obj : error LNK2019: ссылка на неразрешенный внешний символ "class std::basic_string<char,struct std::char_traits<char>,class std::allocator<char> > __cdecl testing::internal::GetBoolAssertionFailureMessage(class testing::AssertionResult const &,char const *,char const *,char const *)" (?GetBoolAssertionFailureMessage@internal@testing@@YA?AV?$basic_string@DU?$char_traits@D@std@@V?$allocator@D@2@@std@@ABVAssertionResult@2@PBD11@Z) в функции "private: virtual void __thiscall firstTest_check_Test::TestBody(void)" (?TestBody@firstTest_check_Test@@EAEXXZ).
Gtest.obj : error LNK2019: ссылка на неразрешенный внешний символ "void const * __cdecl testing::internal::GetTestTypeId(void)" (?GetTestTypeId@internal@testing@@YAPBXXZ) в функции "void __cdecl `dynamic initializer for 'private: static class testing::TestInfo * firstTest_check_Test::test_info_''(void)" (??__E?test_info_@firstTest_check_Test@@0QAVTestInfo@testing@@A@@YAXXZ).
Gtest.obj : error LNK2019: ссылка на неразрешенный внешний символ "class testing::TestInfo * __cdecl testing::internal::MakeAndRegisterTestInfo(char const *,char const *,char const *,char const *,struct testing::internal::CodeLocation,void const *,void (__cdecl*)(void),void (__cdecl*)(void),class testing::internal::TestFactoryBase *)" (?MakeAndRegisterTestInfo@internal@testing@@YAPAVTestInfo@2@PBD000UCodeLocation@12@PBXP6AXXZ3PAVTestFactoryBase@12@@Z) в функции "void __cdecl `dynamic initializer for 'private: static class testing::TestInfo * firstTest_check_Test::test_info_''(void)" (??__E?test_info_@firstTest_check_Test@@0QAVTestInfo@testing@@A@@YAXXZ).
Gtest.obj : error LNK2019: ссылка на неразрешенный внешний символ "class testing::AssertionResult __cdecl testing::AssertionSuccess(void)" (?AssertionSuccess@testing@@YA?AVAssertionResult@1@XZ) в функции "class testing::AssertionResult __cdecl testing::internal::CmpHelperEQ<int,int>(char const *,char const *,int const &,int const &)" (??$CmpHelperEQ@HH@internal@testing@@YA?AVAssertionResult@1@PBD0ABH1@Z).
Gtest.obj : error LNK2019: ссылка на неразрешенный внешний символ "public: virtual __thiscall testing::Test::~Test(void)" (??1Test@testing@@UAE@XZ) в функции "public: virtual __thiscall firstTest_check_Test::~firstTest_check_Test(void)" (??1firstTest_check_Test@@UAE@XZ).
Gtest.obj : error LNK2019: ссылка на неразрешенный внешний символ "protected: __thiscall testing::Test::Test(void)" (??0Test@testing@@IAE@XZ) в функции "public: __thiscall firstTest_check_Test::firstTest_check_Test(void)" (??0firstTest_check_Test@@QAE@XZ).
Gtest.obj : error LNK2001: неразрешенный внешний символ "protected: virtual void __thiscall testing::Test::SetUp(void)" (?SetUp@Test@testing@@MAEXXZ).
Gtest.obj : error LNK2001: неразрешенный внешний символ "protected: virtual void __thiscall testing::Test::TearDown(void)" (?TearDown@Test@testing@@MAEXXZ).
Gtest.obj : error LNK2019: ссылка на неразрешенный внешний символ "public: static class testing::UnitTest * __cdecl testing::UnitTest::GetInstance(void)" (?GetInstance@UnitTest@testing@@SAPAV12@XZ) в функции "int __cdecl RUN_ALL_TESTS(void)" (?RUN_ALL_TESTS@@YAHXZ).
Gtest.obj : error LNK2019: ссылка на неразрешенный внешний символ "public: int __thiscall testing::UnitTest::Run(void)" (?Run@UnitTest@testing@@QAEHXZ) в функции "int __cdecl RUN_ALL_TESTS(void)" (?RUN_ALL_TESTS@@YAHXZ).
Gtest.obj : error LNK2019: ссылка на неразрешенный внешний символ "void __cdecl testing::InitGoogleTest(void)" (?InitGoogleTest@testing@@YAXXZ) в функции _main.
Gtest.obj : error LNK2019: ссылка на неразрешенный внешний символ "public: __thiscall testing::internal::AssertHelper::AssertHelper(enum testing::TestPartResult::Type,char const *,int,char const *)" (??0AssertHelper@internal@testing@@QAE@W4Type@TestPartResult@2@PBDH1@Z) в функции "private: virtual void __thiscall firstTest_check_Test::TestBody(void)" (?TestBody@firstTest_check_Test@@EAEXXZ).
Gtest.obj : error LNK2019: ссылка на неразрешенный внешний символ "public: __thiscall testing::internal::AssertHelper::~AssertHelper(void)" (??1AssertHelper@internal@testing@@QAE@XZ) в функции "private: virtual void __thiscall firstTest_check_Test::TestBody(void)" (?TestBody@firstTest_check_Test@@EAEXXZ).
Gtest.obj : error LNK2019: ссылка на неразрешенный внешний символ "public: void __thiscall testing::internal::AssertHelper::operator=(class testing::Message const &)const " (??4AssertHelper@internal@testing@@QBEXABVMessage@2@@Z) в функции "private: virtual void __thiscall firstTest_check_Test::TestBody(void)" (?TestBody@firstTest_check_Test@@EAEXXZ).
C:\Users\Gradus\.conan\data\gtest\cci.20210126\_\_\package\5ad274d83035c78ba2b205e6cf4f1b317aee8e05\lib\gtest_main.lib : warning LNK4272: тип компьютера библиотеки "x64" конфликтует с типом целевого компьютера "x86"
C:\Users\Gradus\.conan\data\gtest\cci.20210126\_\_\package\5ad274d83035c78ba2b205e6cf4f1b317aee8e05\lib\gmock_main.lib : warning LNK4272: тип компьютера библиотеки "x64" конфликтует с типом целевого компьютера "x86"
C:\Users\Gradus\.conan\data\gtest\cci.20210126\_\_\package\5ad274d83035c78ba2b205e6cf4f1b317aee8e05\lib\gmock.lib : warning LNK4272: тип компьютера библиотеки "x64" конфликтует с типом целевого компьютера "x86"
C:\Users\Gradus\.conan\data\gtest\cci.20210126\_\_\package\5ad274d83035c78ba2b205e6cf4f1b317aee8e05\lib\gtest.lib : warning LNK4272: тип компьютера библиотеки "x64" конфликтует с типом целевого компьютера "x86"
D:\YandexDisk\Coding\GeekBrains\C++ сложные моменты\Project8\Debug\Project8.exe : fatal error LNK1120: неразрешенных внешних элементов: 19
